Initializing new Dataset...
	Smallest count after cutoff:  34
Initialized dataset:
	comp.sys.ibm.pc.hardware.txt vs. comp.sys.mac.hardware.txt
	1000 words
	1943 examples
Generating random 80-20 split...
Training: Perception...
Training error: 5 of 1554
Test error: 74 of 389

Training: Ridge Regression...
Training error: 21 of 1554
Test error: 101 of 389

Training: Streamwise...
Training error: 184 of 1554
Test error: 106 of 389
Top ten columns selected:
['fit', 'recent', 'again,', 'science', 'documentation', 'optional', 'one,', 'audio', 'motorola', '(like']

Training: Stepwise...
Training error: 242 of 1554
Test error: 80 of 389
Top ten columns selected:
['the', 'mac', 'apple', 'a', 'centris', 'quadra', 'lc', 'powerbook', 'i', 'lciii']

Training: Bayes...
Number Correct: 275

Number incorrect: 114

