Initializing new Dataset...
	Smallest count after cutoff:  34
Initialized dataset:
	comp.sys.ibm.pc.hardware.txt vs. comp.sys.mac.hardware.txt
	1000 words
	1943 examples
Generating random 80-20 split...
Training: Perception...
Training error: 8 of 1554
Test error: 61 of 389

Training: Ridge Regression...
Training error: 26 of 1554
Test error: 88 of 389

Training: Streamwise...
Training error: 153 of 1554
Test error: 102 of 389
Top ten columns selected:
['fit', 'recent', 'again,', 'science', 'documentation', 'optional', 'one,', 'audio', 'motorola', '(like']

Training: Stepwise...
Training error: 269 of 1554
Test error: 69 of 389
Top ten columns selected:
['the', 'mac', 'apple', 'a', 'centris', 'quadra', 'lc', 'duo', 'powerbook', 'scsi-2']

Training: Bayes...
Number Correct: 288

Number incorrect: 101

